#
# A fatal error has been detected by the Java Runtime Environment:
#
#  EXCEPTION_ACCESS_VIOLATION (0xc0000005) at pc=0x0000000050617ce9, pid=75760, tid=77024
#
# JRE version: 7.0_25-b17
# Java VM: Java HotSpot(TM) 64-Bit Server VM (23.25-b01 mixed mode windows-amd64 compressed oops)
# Problematic frame:
# V  [jvm.dll+0x37ce9]
#
# Failed to write core dump. Minidumps are not enabled by default on client versions of Windows
#
# If you would like to submit a bug report, please visit:
#   http://bugreport.sun.com/bugreport/crash.jsp
#

---------------  T H R E A D  ---------------

Current thread (0x000000000e2ad800):  JavaThread "JDWP Transport Listener: dt_socket" daemon [_thread_in_vm, id=77024, stack(0x000000000f730000,0x000000000f830000)]

siginfo: ExceptionCode=0xc0000005, reading address 0x000000000000000c

Registers:
RAX=0x000000000000000c, RBX=0x000000000e2ad800, RCX=0x0000000000000003, RDX=0x0000000000000000
RSP=0x000000000f82f3a0, RBP=0x000000000000000c, RSI=0x0000000000000000, RDI=0x0000000000000010
R8 =0x00000007d5d4f550, R9 =0x0000000000000000, R10=0x0000000000000000, R11=0x0000000000000001
R12=0x0000000000000000, R13=0x0000000000000000, R14=0x0000000000000000, R15=0x0000000000000000
RIP=0x0000000050617ce9, EFLAGS=0x0000000000010246

Top of Stack: (sp=0x000000000f82f3a0)
0x000000000f82f3a0:   000000000e2ad800 0000000000000000
0x000000000f82f3b0:   0000000000000000 000000000e2ad800
0x000000000f82f3c0:   0000000000000000 00000000506d2e14
0x000000000f82f3d0:   00000007d5d4f550 000000000f82f4f0
0x000000000f82f3e0:   000000000e2b33f0 000000000f82f4c0
0x000000000f82f3f0:   000000000e2ad800 0000000000000000
0x000000000f82f400:   000000000e2b33f0 000000000f82f4f0
0x000000000f82f410:   0000000000000000 0000000000000000
0x000000000f82f420:   000000000e2ad9d8 000000006bed7d15
0x000000000f82f430:   000000000f82f4c0 000000000f82f4f0
0x000000000f82f440:   000000000e2b33f0 000000000e2ad9d8
0x000000000f82f450:   000000000e2c440a 000000006bedf09c
0x000000000f82f460:   0000000050010a01 000000000f82f560
0x000000000f82f470:   000000000e298a01 0000000000000000
0x000000000f82f480:   00001b0800000013 0000000050010a00
0x000000000f82f490:   0000000004a5d3b0 000000000e2a7810 

Instructions: (pc=0x0000000050617ce9)
0x0000000050617cc9:   d2 48 8b c5 eb 18 48 8b d0 48 8b c5 48 d3 e2 48
0x0000000050617cd9:   03 15 31 38 61 00 eb 06 48 8b 12 48 8b c7 48 98
0x0000000050617ce9:   8b 14 10 85 d2 74 2a 45 84 db 4c 63 c6 48 0f 45
0x0000000050617cf9:   fd 8d 47 0b 48 63 c8 48 83 e1 f8 48 c1 e9 03 8d 


Register to memory mapping:

RAX=0x000000000000000c is an unknown value
RBX=0x000000000e2ad800 is a thread
RCX=0x0000000000000003 is an unknown value
RDX=0x0000000000000000 is an unknown value
RSP=0x000000000f82f3a0 is pointing into the stack for thread: 0x000000000e2ad800
RBP=0x000000000000000c is an unknown value
RSI=0x0000000000000000 is an unknown value
RDI=0x0000000000000010 is an unknown value
R8 =0x00000007d5d4f550 is an oop
java.lang.String 
 - klass: 'java/lang/String'
R9 =0x0000000000000000 is an unknown value
R10=0x0000000000000000 is an unknown value
R11=0x0000000000000001 is an unknown value
R12=0x0000000000000000 is an unknown value
R13=0x0000000000000000 is an unknown value
R14=0x0000000000000000 is an unknown value
R15=0x0000000000000000 is an unknown value


Stack: [0x000000000f730000,0x000000000f830000],  sp=0x000000000f82f3a0,  free space=1020k
Native frames: (J=compiled Java code, j=interpreted, Vv=VM code, C=native code)
V  [jvm.dll+0x37ce9]


---------------  P R O C E S S  ---------------

Java Threads: ( => current thread )
  0x000000000e2d3800 JavaThread "Service Thread" daemon [_thread_blocked, id=77068, stack(0x000000000f970000,0x000000000fa70000)]
  0x000000000e2d0800 JavaThread "C2 CompilerThread1" daemon [_thread_blocked, id=75232, stack(0x000000000fec0000,0x000000000ffc0000)]
  0x000000000e2cb000 JavaThread "C2 CompilerThread0" daemon [_thread_blocked, id=76848, stack(0x000000000fcc0000,0x000000000fdc0000)]
  0x000000000e2b4800 JavaThread "JDWP Command Reader" daemon [_thread_in_native, id=77032, stack(0x000000000fac0000,0x000000000fbc0000)]
  0x000000000e2b1800 JavaThread "JDWP Event Helper Thread" daemon [_thread_blocked, id=76444, stack(0x000000000f850000,0x000000000f950000)]
=>0x000000000e2ad800 JavaThread "JDWP Transport Listener: dt_socket" daemon [_thread_in_vm, id=77024, stack(0x000000000f730000,0x000000000f830000)]
  0x000000000e29e800 JavaThread "Attach Listener" daemon [_thread_blocked, id=74128, stack(0x000000000f020000,0x000000000f120000)]
  0x000000000e297000 JavaThread "Signal Dispatcher" daemon [_thread_blocked, id=76860, stack(0x000000000f580000,0x000000000f680000)]
  0x0000000004b19800 JavaThread "Finalizer" daemon [_thread_blocked, id=76804, stack(0x000000000f3e0000,0x000000000f4e0000)]
  0x000000000e1f3800 JavaThread "Reference Handler" daemon [_thread_blocked, id=77752, stack(0x000000000f1d0000,0x000000000f2d0000)]
  0x00000000006de000 JavaThread "main" [_thread_blocked, id=74020, stack(0x0000000004cc0000,0x0000000004dc0000)]

Other Threads:
  0x000000000e1f2000 VMThread [stack: 0x000000000eeb0000,0x000000000efb0000] [id=75096]

VM state:not at safepoint (normal execution)

VM Mutex/Monitor currently owned by a thread: None

Heap
 PSYoungGen      total 37824K, used 1298K [0x00000007d5cb0000, 0x00000007d86e0000, 0x0000000800000000)
  eden space 32448K, 4% used [0x00000007d5cb0000,0x00000007d5df4828,0x00000007d7c60000)
  from space 5376K, 0% used [0x00000007d81a0000,0x00000007d81a0000,0x00000007d86e0000)
  to   space 5376K, 0% used [0x00000007d7c60000,0x00000007d7c60000,0x00000007d81a0000)
 ParOldGen       total 86400K, used 0K [0x0000000781600000, 0x0000000786a60000, 0x00000007d5cb0000)
  object space 86400K, 0% used [0x0000000781600000,0x0000000781600000,0x0000000786a60000)
 PSPermGen       total 21248K, used 2340K [0x000000077c400000, 0x000000077d8c0000, 0x0000000781600000)
  object space 21248K, 11% used [0x000000077c400000,0x000000077c649300,0x000000077d8c0000)

Card table byte_map: [0x0000000007dc0000,0x00000000081e0000] byte_map_base: 0x00000000041de000

Polling page: 0x0000000000680000

Code Cache  [0x0000000004dc0000, 0x0000000005030000, 0x0000000007dc0000)
 total_blobs=152 nmethods=0 adapters=127 free_code_cache=48780Kb largest_free_block=49950528

Compilation events (0 events):
No events

GC Heap History (0 events):
No events

Deoptimization events (0 events):
No events

Internal exceptions (1 events):
Event: 0.041 Thread 0x00000000006de000 Threw 0x00000007d5cb61b0 at C:\jdk7u2_64p\jdk7u25\hotspot\src\share\vm\prims\jni.cpp:3994

Events (10 events):
Event: 19.958 Executing VM operation: GetOrSetLocal
Event: 19.958 Executing VM operation: GetOrSetLocal done
Event: 19.976 Executing VM operation: GetOrSetLocal
Event: 19.976 Executing VM operation: GetOrSetLocal done
Event: 19.991 Executing VM operation: GetOrSetLocal
Event: 19.991 Executing VM operation: GetOrSetLocal done
Event: 19.991 Executing VM operation: GetOrSetLocal
Event: 19.991 Executing VM operation: GetOrSetLocal done
Event: 19.992 Executing VM operation: GetOrSetLocal
Event: 19.992 Executing VM operation: GetOrSetLocal done


Dynamic libraries:
0x000000013f370000 - 0x000000013f3a3000 	C:\Program Files\Java\jdk1.7.0_25\bin\java.exe
0x00000000772b0000 - 0x000000007745a000 	C:\windows\SYSTEM32\ntdll.dll
0x0000000077190000 - 0x00000000772af000 	C:\windows\system32\kernel32.dll
0x000007fefd9e0000 - 0x000007fefda4a000 	C:\windows\system32\KERNELBASE.dll
0x000007feeb580000 - 0x000007feeb597000 	C:\InetPub\ftproot\Tipray\Ldterm\ghijt64.DLL
0x000007feff350000 - 0x000007feff42b000 	C:\windows\system32\ADVAPI32.dll
0x000007feff510000 - 0x000007feff5af000 	C:\windows\system32\msvcrt.dll
0x000007feff330000 - 0x000007feff34f000 	C:\windows\SYSTEM32\sechost.dll
0x000007feff0a0000 - 0x000007feff1cd000 	C:\windows\system32\RPCRT4.dll
0x0000000076bb0000 - 0x0000000076caa000 	C:\windows\system32\USER32.dll
0x000007fefef40000 - 0x000007fefefa7000 	C:\windows\system32\GDI32.dll
0x000007feff5b0000 - 0x000007feff5be000 	C:\windows\system32\LPK.dll
0x000007feff260000 - 0x000007feff32b000 	C:\windows\system32\USP10.dll
0x000007fefbf00000 - 0x000007fefc0f4000 	C:\windows\WinSxS\amd64_microsoft.windows.common-controls_6595b64144ccf1df_6.0.7601.18837_none_fa3b1e3d17594757\COMCTL32.dll
0x000007feff020000 - 0x000007feff091000 	C:\windows\system32\SHLWAPI.dll
0x000007feeb550000 - 0x000007feeb579000 	C:\Inetpub\ftproot\Tipray\LdTerm\LdHook64.dll
0x000007fef9b00000 - 0x000007fef9b71000 	C:\windows\system32\WINSPOOL.DRV
0x000007fefe990000 - 0x000007fefeb8c000 	C:\windows\system32\ole32.dll
0x000007feeb4f0000 - 0x000007feeb54b000 	C:\Inetpub\ftproot\Tipray\LdTerm\ghhlp64.dll
0x000007feeb480000 - 0x000007feeb4ad000 	C:\Inetpub\ftproot\Tipray\LdTerm\LdSSDTHook64.dll
0x000007fefd6e0000 - 0x000007fefd6ec000 	C:\windows\system32\VERSION.dll
0x000007fefef10000 - 0x000007fefef3e000 	C:\windows\system32\IMM32.DLL
0x000007fefdaf0000 - 0x000007fefdbf9000 	C:\windows\system32\MSCTF.dll
0x000007fefd6f0000 - 0x000007fefd71f000 	C:\windows\system32\nvinitx.dll
0x000000000f000000 - 0x000000000f006000 	C:\Program Files\NVIDIA Corporation\CoProcManager\detoured.dll
0x000007fefa790000 - 0x000007fefa7c3000 	C:\Program Files\NVIDIA Corporation\CoProcManager\nvd3d9wrapx.dll
0x000007fefeb90000 - 0x000007fefed67000 	C:\windows\system32\SETUPAPI.dll
0x000007fefd9a0000 - 0x000007fefd9d6000 	C:\windows\system32\CFGMGR32.dll
0x000007feff430000 - 0x000007feff50a000 	C:\windows\system32\OLEAUT32.dll
0x000007fefd980000 - 0x000007fefd99a000 	C:\windows\system32\DEVOBJ.dll
0x000007fefa760000 - 0x000007fefa783000 	C:\Program Files\NVIDIA Corporation\CoProcManager\nvdxgiwrapx.dll
0x0000000058160000 - 0x0000000058231000 	C:\Program Files\Java\jdk1.7.0_25\jre\bin\msvcr100.dll
0x00000000505e0000 - 0x0000000050cef000 	C:\Program Files\Java\jdk1.7.0_25\jre\bin\server\jvm.dll
0x000007fef4160000 - 0x000007fef4169000 	C:\windows\system32\WSOCK32.dll
0x000007fefefd0000 - 0x000007feff01d000 	C:\windows\system32\WS2_32.dll
0x000007feff250000 - 0x000007feff258000 	C:\windows\system32\NSI.dll
0x000007fefb5f0000 - 0x000007fefb62b000 	C:\windows\system32\WINMM.dll
0x0000000077480000 - 0x0000000077487000 	C:\windows\system32\PSAPI.DLL
0x000000006c950000 - 0x000000006c95f000 	C:\Program Files\Java\jdk1.7.0_25\jre\bin\verify.dll
0x000000006c8f0000 - 0x000000006c918000 	C:\Program Files\Java\jdk1.7.0_25\jre\bin\java.dll
0x000000006bed0000 - 0x000000006bf05000 	C:\Program Files\Java\jdk1.7.0_25\jre\bin\jdwp.dll
0x000000006c8b0000 - 0x000000006c8b8000 	C:\Program Files\Java\jdk1.7.0_25\jre\bin\npt.dll
0x000000006c890000 - 0x000000006c8a5000 	C:\Program Files\Java\jdk1.7.0_25\jre\bin\zip.dll
0x000000006c420000 - 0x000000006c429000 	C:\Program Files\Java\jdk1.7.0_25\jre\bin\dt_socket.dll
0x000007fefcf00000 - 0x000007fefcf55000 	C:\windows\system32\mswsock.dll
0x000007fefc8e0000 - 0x000007fefc8e7000 	C:\windows\System32\wshtcpip.dll
0x000007feed2e0000 - 0x000007feed405000 	C:\windows\system32\dbghelp.dll

VM Arguments:
jvm_args: -agentlib:jdwp=transport=dt_socket,address=127.0.0.1:63975,suspend=y,server=n -ea -Didea.junit.sm_runner -Dfile.encoding=UTF-8 
java_command: com.intellij.rt.execution.junit.JUnitStarter -ideVersion5 com.owl.zookeeper.use.string.StringD,copyOfRange
Launcher Type: SUN_STANDARD

Environment Variables:
JAVA_HOME=C:\Program Files\Java\jdk1.7.0_25
CLASSPATH=.;C:\Program Files\Java\jdk1.7.0_25\lib\dt.jar;C:\Program Files\Java\jdk1.7.0_25\lib\tools.jar;
PATH=C:\Program Files (x86)\Tencent\QQ\Bin\;C:\Program Files (x86)\Tencent\QQ\Bin\;F:\app\Administrator\product\11.2.0\dbhome_1\bin;C:\Program Files (x86)\NVIDIA Corporation\PhysX\Common;C:\windows\system32;C:\windows;C:\windows\System32\Wbem;C:\windows\System32\WindowsPowerShell\v1.0\;F:\app\Administrator\product\instantclient_11_2;C:\Program Files\Java\jdk1.7.0_25\bin;C:\Program Files\Java\jdk1.7.0_25\jre\bin;E:\apache-tomcat-8.0.32\lib;E:\apache-tomcat-8.0.32\bin;C:\Program Files (x86)\MySQL\MySQL Server 5.1\bin;E:\redis;C:\Program Files (x86)\Common Files\NetSarang;E:\apache-maven-3.1.1\bin;C:\Program Files\TortoiseSVN\bin
USERNAME=Administrator
OS=Windows_NT
PROCESSOR_IDENTIFIER=Intel64 Family 6 Model 61 Stepping 4, GenuineIntel



---------------  S Y S T E M  ---------------

OS: Windows 7 , 64 bit Build 7601 Service Pack 1

CPU:total 4 (2 cores per cpu, 2 threads per core) family 6 model 61 stepping 4, cmov, cx8, fxsr, mmx, sse, sse2, sse3, ssse3, sse4.1, sse4.2, popcnt, avx, avx2, ht, tsc, tscinvbit

Memory: 4k page, physical 8290924k(1546112k free), swap 16579988k(5037664k free)

vm_info: Java HotSpot(TM) 64-Bit Server VM (23.25-b01) for windows-amd64 JRE (1.7.0_25-b17), built on Jun 21 2013 12:58:32 by "java_re" with unknown MS VC++:1600

time: Wed Apr 11 17:22:28 2018
elapsed time: 20 seconds

